<?xml version="1.0" encoding="UTF-8"?>
<!-- Generated by org.testng.reporters.JUnitReportReporter -->
<testsuite hostname="Sudhir" name="com.travelmint.TestScripts.AccountsLogin" tests="2" failures="0" timestamp="13 May 2019 05:59:53 GMT" time="0.011" errors="0">
  <testcase name="test4" time="0.007" classname="com.travelmint.TestScripts.AccountsLogin"/>
  <testcase name="test4i" time="0.004" classname="com.travelmint.TestScripts.AccountsLogin"/>
</testsuite> <!-- com.travelmint.TestScripts.AccountsLogin -->
