<?xml version="1.0" encoding="UTF-8"?>
<!-- Generated by org.testng.reporters.JUnitReportReporter -->
<testsuite hostname="Sudhir" name="com.travelmint.TestScripts.TC1" tests="1" failures="0" timestamp="30 Apr 2019 13:15:41 GMT" time="17.122" errors="0">
  <testcase name="loginTest" time="17.122" classname="com.travelmint.TestScripts.TC1"/>
</testsuite> <!-- com.travelmint.TestScripts.TC1 -->
