<?xml version="1.0" encoding="UTF-8"?>
<!-- Generated by org.testng.reporters.JUnitReportReporter -->
<testsuite hostname="Sudhir" name="com.travelmint.base.baseone" tests="1" failures="0" timestamp="24 Apr 2019 05:02:18 GMT" time="0.014" errors="0">
  <testcase name="reTest" time="0.014" classname="com.travelmint.base.baseone"/>
</testsuite> <!-- com.travelmint.base.baseone -->
