<?xml version="1.0" encoding="UTF-8"?>
<!-- Generated by org.testng.reporters.JUnitReportReporter -->
<testsuite hostname="Sudhir" name="com.travelmint.TestScripts.SalesLtour" tests="1" failures="0" timestamp="30 Apr 2019 13:15:41 GMT" time="39.376" errors="0">
  <testcase name="oTour" time="39.376" classname="com.travelmint.TestScripts.SalesLtour"/>
</testsuite> <!-- com.travelmint.TestScripts.SalesLtour -->
